Exporter version: 5.6.2, Blender version: 2.79 (sub 0)
========= Conversion from Blender to Babylon.js =========
	Scene settings used:
		selected layers only:  false
		inline textures:  false
		Positions Precision :  4
		Normals Precision   :  3
		UVs Precision       :  3
		Vert Color Precision:  3
		Mat Weight Precision:  2
		texture directory:  F:\3d numbers\
	Python World class constructor completed
	processing begun of mesh:  Obj_000003
		processing begun of Standard material:  mat2
		num positions      :  52
		num normals        :  52
		num uvs            :  104
		num uvs2           :  0
		num colors         :  0
		num indices        :  120
	processing begun of mesh:  Obj_000002
		processing begun of Standard material:  mat1
		num positions      :  848
		num normals        :  848
		num uvs            :  1696
		num uvs2           :  0
		num colors         :  0
		num indices        :  2460
	processing begun of mesh:  Obj_000001
		processing begun of Standard material:  mat0
		num positions      :  92
		num normals        :  92
		num uvs            :  184
		num uvs2           :  0
		num colors         :  0
		num indices        :  216
	processing begun of camera (UniversalCamera):  Camera
	processing begun of light (POINT):  Lamp
========= Writing of scene file started =========
========= Writing of scene file completed =========
========= end of processing =========
elapsed time:  0 min, 0.4976 secs
